{"C:\\keyploy\\task-manager-api\\models\\Task.js": {"path":"C:\\keyploy\\task-manager-api\\models\\Task.js","statementMap":{"0":{"start":{"line":1,"column":17},"end":{"line":1,"column":36}},"1":{"start":{"line":3,"column":19},"end":{"line":22,"column":2}},"2":{"start":{"line":24,"column":0},"end":{"line":24,"column":52}}},"fnMap":{},"branchMap":{},"s":{"0":2,"1":2,"2":2},"f":{},"b":{},"_coverageSchema":"1a1c01bbd47fc00a2c39e90264f33305004495a9","hash":"c94d33761bbe5f2d52a0e66520f56f5e625d0052"}
,"C:\\keyploy\\task-manager-api\\routes\\tasks.js": {"path":"C:\\keyploy\\task-manager-api\\routes\\tasks.js","statementMap":{"0":{"start":{"line":1,"column":16},"end":{"line":1,"column":34}},"1":{"start":{"line":2,"column":15},"end":{"line":2,"column":31}},"2":{"start":{"line":3,"column":13},"end":{"line":3,"column":38}},"3":{"start":{"line":7,"column":0},"end":{"line":14,"column":3}},"4":{"start":{"line":8,"column":4},"end":{"line":13,"column":5}},"5":{"start":{"line":9,"column":22},"end":{"line":9,"column":63}},"6":{"start":{"line":10,"column":8},"end":{"line":10,"column":24}},"7":{"start":{"line":12,"column":8},"end":{"line":12,"column":78}},"8":{"start":{"line":16,"column":0},"end":{"line":34,"column":3}},"9":{"start":{"line":17,"column":35},"end":{"line":17,"column":43}},"10":{"start":{"line":19,"column":4},"end":{"line":21,"column":5}},"11":{"start":{"line":20,"column":8},"end":{"line":20,"column":70}},"12":{"start":{"line":23,"column":20},"end":{"line":26,"column":6}},"13":{"start":{"line":28,"column":4},"end":{"line":33,"column":5}},"14":{"start":{"line":29,"column":26},"end":{"line":29,"column":46}},"15":{"start":{"line":30,"column":8},"end":{"line":30,"column":40}},"16":{"start":{"line":32,"column":8},"end":{"line":32,"column":85}},"17":{"start":{"line":36,"column":0},"end":{"line":59,"column":3}},"18":{"start":{"line":37,"column":4},"end":{"line":58,"column":5}},"19":{"start":{"line":38,"column":21},"end":{"line":38,"column":55}},"20":{"start":{"line":39,"column":8},"end":{"line":41,"column":9}},"21":{"start":{"line":40,"column":12},"end":{"line":40,"column":71}},"22":{"start":{"line":43,"column":8},"end":{"line":45,"column":9}},"23":{"start":{"line":44,"column":12},"end":{"line":44,"column":40}},"24":{"start":{"line":46,"column":8},"end":{"line":48,"column":9}},"25":{"start":{"line":47,"column":12},"end":{"line":47,"column":52}},"26":{"start":{"line":49,"column":8},"end":{"line":51,"column":9}},"27":{"start":{"line":50,"column":12},"end":{"line":50,"column":48}},"28":{"start":{"line":53,"column":28},"end":{"line":53,"column":45}},"29":{"start":{"line":54,"column":8},"end":{"line":54,"column":30}},"30":{"start":{"line":57,"column":8},"end":{"line":57,"column":85}},"31":{"start":{"line":61,"column":0},"end":{"line":74,"column":3}},"32":{"start":{"line":62,"column":4},"end":{"line":73,"column":5}},"33":{"start":{"line":63,"column":21},"end":{"line":63,"column":64}},"34":{"start":{"line":65,"column":8},"end":{"line":67,"column":9}},"35":{"start":{"line":66,"column":12},"end":{"line":66,"column":71}},"36":{"start":{"line":69,"column":8},"end":{"line":69,"column":59}},"37":{"start":{"line":72,"column":8},"end":{"line":72,"column":78}},"38":{"start":{"line":76,"column":0},"end":{"line":76,"column":24}}},"fnMap":{"0":{"name":"(anonymous_0)","decl":{"start":{"line":7,"column":16},"end":{"line":7,"column":17}},"loc":{"start":{"line":7,"column":36},"end":{"line":14,"column":1}},"line":7},"1":{"name":"(anonymous_1)","decl":{"start":{"line":16,"column":17},"end":{"line":16,"column":18}},"loc":{"start":{"line":16,"column":37},"end":{"line":34,"column":1}},"line":16},"2":{"name":"(anonymous_2)","decl":{"start":{"line":36,"column":19},"end":{"line":36,"column":20}},"loc":{"start":{"line":36,"column":39},"end":{"line":59,"column":1}},"line":36},"3":{"name":"(anonymous_3)","decl":{"start":{"line":61,"column":22},"end":{"line":61,"column":23}},"loc":{"start":{"line":61,"column":42},"end":{"line":74,"column":1}},"line":61}},"branchMap":{"0":{"loc":{"start":{"line":19,"column":4},"end":{"line":21,"column":5}},"type":"if","locations":[{"start":{"line":19,"column":4},"end":{"line":21,"column":5}},{"start":{},"end":{}}],"line":19},"1":{"loc":{"start":{"line":39,"column":8},"end":{"line":41,"column":9}},"type":"if","locations":[{"start":{"line":39,"column":8},"end":{"line":41,"column":9}},{"start":{},"end":{}}],"line":39},"2":{"loc":{"start":{"line":43,"column":8},"end":{"line":45,"column":9}},"type":"if","locations":[{"start":{"line":43,"column":8},"end":{"line":45,"column":9}},{"start":{},"end":{}}],"line":43},"3":{"loc":{"start":{"line":46,"column":8},"end":{"line":48,"column":9}},"type":"if","locations":[{"start":{"line":46,"column":8},"end":{"line":48,"column":9}},{"start":{},"end":{}}],"line":46},"4":{"loc":{"start":{"line":49,"column":8},"end":{"line":51,"column":9}},"type":"if","locations":[{"start":{"line":49,"column":8},"end":{"line":51,"column":9}},{"start":{},"end":{}}],"line":49},"5":{"loc":{"start":{"line":65,"column":8},"end":{"line":67,"column":9}},"type":"if","locations":[{"start":{"line":65,"column":8},"end":{"line":67,"column":9}},{"start":{},"end":{}}],"line":65}},"s":{"0":1,"1":1,"2":1,"3":1,"4":1,"5":1,"6":1,"7":0,"8":1,"9":2,"10":2,"11":1,"12":1,"13":1,"14":1,"15":1,"16":0,"17":1,"18":2,"19":2,"20":2,"21":1,"22":1,"23":1,"24":1,"25":0,"26":1,"27":1,"28":1,"29":1,"30":0,"31":1,"32":2,"33":2,"34":2,"35":1,"36":1,"37":0,"38":1},"f":{"0":1,"1":2,"2":2,"3":2},"b":{"0":[1,1],"1":[1,1],"2":[1,0],"3":[0,1],"4":[1,0],"5":[1,1]},"_coverageSchema":"1a1c01bbd47fc00a2c39e90264f33305004495a9","hash":"d4f7f9de1bfe0720d9f7e079220ac3fd8379de9b"}
}
