TN:
SF:models\Task.js
FNF:0
FNH:0
DA:1,2
DA:3,2
DA:24,2
LF:3
LH:3
BRF:0
BRH:0
end_of_record
TN:
SF:routes\tasks.js
FN:7,(anonymous_0)
FN:16,(anonymous_1)
FN:36,(anonymous_2)
FN:61,(anonymous_3)
FNF:4
FNH:4
FNDA:1,(anonymous_0)
FNDA:2,(anonymous_1)
FNDA:2,(anonymous_2)
FNDA:2,(anonymous_3)
DA:1,1
DA:2,1
DA:3,1
DA:7,1
DA:8,1
DA:9,1
DA:10,1
DA:12,0
DA:16,1
DA:17,2
DA:19,2
DA:20,1
DA:23,1
DA:28,1
DA:29,1
DA:30,1
DA:32,0
DA:36,1
DA:37,2
DA:38,2
DA:39,2
DA:40,1
DA:43,1
DA:44,1
DA:46,1
DA:47,0
DA:49,1
DA:50,1
DA:53,1
DA:54,1
DA:57,0
DA:61,1
DA:62,2
DA:63,2
DA:65,2
DA:66,1
DA:69,1
DA:72,0
DA:76,1
LF:39
LH:34
BRDA:19,0,0,1
BRDA:19,0,1,1
BRDA:39,1,0,1
BRDA:39,1,1,1
BRDA:43,2,0,1
BRDA:43,2,1,0
BRDA:46,3,0,0
BRDA:46,3,1,1
BRDA:49,4,0,1
BRDA:49,4,1,0
BRDA:65,5,0,1
BRDA:65,5,1,1
BRF:12
BRH:9
end_of_record
